2025-01-23 11:00:33 INFO - Oracle SQL Developer Data Modeler 24.3.1.351.0831
2025-01-23 11:08:31 SEVERE - domain is null in SHCreateTableSqlServer.parseTable, TABLE=channels: unknown_0_0_0
2025-01-23 11:08:31 SEVERE - domain is null in SHCreateTableSqlServer.parseTable, TABLE=channels: unknown_0_0_0
2025-01-23 11:08:31 SEVERE - domain is null in SHCreateTableSqlServer.parseTable, TABLE=dem1v3: unknown_0_0_0
2025-01-23 11:08:31 SEVERE - domain is null in SHCreateTableSqlServer.parseTable, TABLE=dem1v3: unknown_0_0_0
2025-01-23 11:08:31 SEVERE - domain is null in SHCreateTableSqlServer.parseTable, TABLE=dem1v3: unknown_0_0_0
2025-01-23 11:08:31 SEVERE - domain is null in SHCreateTableSqlServer.parseTable, TABLE=dem1v3: unknown_0_0_0
2025-01-23 11:08:31 SEVERE - domain is null in SHCreateTableSqlServer.parseTable, TABLE=dem1v3: unknown_0_0_0
2025-01-23 11:08:31 SEVERE - domain is null in SHCreateTableSqlServer.parseTable, TABLE=dem1v3: unknown_0_0_0
2025-01-23 11:08:31 SEVERE - domain is null in SHCreateTableSqlServer.parseTable, TABLE=dem1v3: unknown_0_0_0
2025-01-23 11:08:31 SEVERE - domain is null in SHCreateTableSqlServer.parseTable, TABLE=dem1v3: unknown_0_0_0
2025-01-23 11:10:15 SEVERE - domain is null in SHCreateTableSqlServer.parseTable, TABLE=channels: unknown_0_0_0
2025-01-23 11:10:15 SEVERE - domain is null in SHCreateTableSqlServer.parseTable, TABLE=channels: unknown_0_0_0
2025-01-23 11:10:15 SEVERE - domain is null in SHCreateTableSqlServer.parseTable, TABLE=dem1v3: unknown_0_0_0
2025-01-23 11:10:15 SEVERE - domain is null in SHCreateTableSqlServer.parseTable, TABLE=dem1v3: unknown_0_0_0
2025-01-23 11:10:15 SEVERE - domain is null in SHCreateTableSqlServer.parseTable, TABLE=dem1v3: unknown_0_0_0
2025-01-23 11:10:16 SEVERE - domain is null in SHCreateTableSqlServer.parseTable, TABLE=dem1v3: unknown_0_0_0
2025-01-23 11:10:16 SEVERE - domain is null in SHCreateTableSqlServer.parseTable, TABLE=dem1v3: unknown_0_0_0
2025-01-23 11:10:16 SEVERE - domain is null in SHCreateTableSqlServer.parseTable, TABLE=dem1v3: unknown_0_0_0
2025-01-23 11:10:16 SEVERE - domain is null in SHCreateTableSqlServer.parseTable, TABLE=dem1v3: unknown_0_0_0
2025-01-23 11:10:16 SEVERE - domain is null in SHCreateTableSqlServer.parseTable, TABLE=dem1v3: unknown_0_0_0
2025-01-23 11:15:16 SEVERE - domain is null in SHCreateTableSqlServer.parseTable, TABLE=`channels`: unknown_0_0_0
2025-01-23 11:15:16 SEVERE - domain is null in SHCreateTableSqlServer.parseTable, TABLE=`channels`: unknown_0_0_0
2025-01-23 11:15:16 SEVERE - domain is null in SHCreateTableSqlServer.parseTable, TABLE=`costs`: unknown_0_0_0
2025-01-23 11:15:16 SEVERE - domain is null in SHCreateTableSqlServer.parseTable, TABLE=`costs`: unknown_0_0_0
2025-01-23 11:15:16 SEVERE - domain is null in SHCreateTableSqlServer.parseTable, TABLE=`costs`: unknown_0_0_0
2025-01-23 11:15:17 SEVERE - domain is null in SHCreateTableSqlServer.parseTable, TABLE=`customers`: unknown_0_0_0
2025-01-23 11:15:22 SEVERE - domain is null in SHCreateTableSqlServer.parseTable, TABLE=`products`: unknown_0_0_0
2025-01-23 11:15:22 SEVERE - domain is null in SHCreateTableSqlServer.parseTable, TABLE=`sales`: unknown_0_0_0
2025-01-23 11:23:19 INFO - Oracle SQL Developer Data Modeler 24.3.1.351.0831
2025-01-23 11:23:50 SEVERE - domain is null in SHCreateTableSqlServer.parseTable, TABLE=channels: unknown_0_0_0
2025-01-23 11:23:50 SEVERE - domain is null in SHCreateTableSqlServer.parseTable, TABLE=channels: unknown_0_0_0
2025-01-23 11:23:50 SEVERE - domain is null in SHCreateTableSqlServer.parseTable, TABLE=costs: unknown_0_0_0
2025-01-23 11:23:50 SEVERE - domain is null in SHCreateTableSqlServer.parseTable, TABLE=costs: unknown_0_0_0
2025-01-23 11:23:50 SEVERE - domain is null in SHCreateTableSqlServer.parseTable, TABLE=countries: unknown_0_0_0
2025-01-23 11:23:50 SEVERE - domain is null in SHCreateTableSqlServer.parseTable, TABLE=countries: unknown_0_0_0
2025-01-23 11:23:50 SEVERE - domain is null in SHCreateTableSqlServer.parseTable, TABLE=countries: unknown_0_0_0
2025-01-23 11:23:50 SEVERE - domain is null in SHCreateTableSqlServer.parseTable, TABLE=countries: unknown_0_0_0
2025-01-23 11:23:50 SEVERE - domain is null in SHCreateTableSqlServer.parseTable, TABLE=countries: unknown_0_0_0
2025-01-23 11:23:50 SEVERE - domain is null in SHCreateTableSqlServer.parseTable, TABLE=countries: unknown_0_0_0
2025-01-23 11:23:50 SEVERE - domain is null in SHCreateTableSqlServer.parseTable, TABLE=customers: unknown_0_0_0
2025-01-23 11:23:50 SEVERE - domain is null in SHCreateTableSqlServer.parseTable, TABLE=customers: unknown_0_0_0
2025-01-23 11:23:50 SEVERE - domain is null in SHCreateTableSqlServer.parseTable, TABLE=customers: unknown_0_0_0
2025-01-23 11:23:50 SEVERE - domain is null in SHCreateTableSqlServer.parseTable, TABLE=customers: unknown_0_0_0
2025-01-23 11:23:50 SEVERE - domain is null in SHCreateTableSqlServer.parseTable, TABLE=customers: unknown_0_0_0
2025-01-23 11:23:50 SEVERE - domain is null in SHCreateTableSqlServer.parseTable, TABLE=customers: unknown_0_0_0
2025-01-23 11:23:50 SEVERE - domain is null in SHCreateTableSqlServer.parseTable, TABLE=customers: unknown_0_0_0
2025-01-23 11:23:50 SEVERE - domain is null in SHCreateTableSqlServer.parseTable, TABLE=customers: unknown_0_0_0
2025-01-23 11:23:50 SEVERE - domain is null in SHCreateTableSqlServer.parseTable, TABLE=customers: unknown_0_0_0
2025-01-23 11:23:50 SEVERE - domain is null in SHCreateTableSqlServer.parseTable, TABLE=customers: unknown_0_0_0
2025-01-23 11:23:50 SEVERE - domain is null in SHCreateTableSqlServer.parseTable, TABLE=customers: unknown_0_0_0
2025-01-23 11:23:50 SEVERE - domain is null in SHCreateTableSqlServer.parseTable, TABLE=customers: unknown_0_0_0
2025-01-23 11:23:50 SEVERE - domain is null in SHCreateTableSqlServer.parseTable, TABLE=demographics: unknown_0_0_0
2025-01-23 11:23:50 SEVERE - domain is null in SHCreateTableSqlServer.parseTable, TABLE=demographics: unknown_0_0_0
2025-01-23 11:23:50 SEVERE - domain is null in SHCreateTableSqlServer.parseTable, TABLE=demographics: unknown_0_0_0
2025-01-23 11:23:50 SEVERE - domain is null in SHCreateTableSqlServer.parseTable, TABLE=products: unknown_0_0_0
2025-01-23 11:23:50 SEVERE - domain is null in SHCreateTableSqlServer.parseTable, TABLE=products: unknown_0_0_0
2025-01-23 11:23:50 SEVERE - domain is null in SHCreateTableSqlServer.parseTable, TABLE=products: unknown_0_0_0
2025-01-23 11:23:50 SEVERE - domain is null in SHCreateTableSqlServer.parseTable, TABLE=products: unknown_0_0_0
2025-01-23 11:23:50 SEVERE - domain is null in SHCreateTableSqlServer.parseTable, TABLE=products: unknown_0_0_0
2025-01-23 11:23:50 SEVERE - domain is null in SHCreateTableSqlServer.parseTable, TABLE=products: unknown_0_0_0
2025-01-23 11:23:50 SEVERE - domain is null in SHCreateTableSqlServer.parseTable, TABLE=products: unknown_0_0_0
2025-01-23 11:23:50 SEVERE - domain is null in SHCreateTableSqlServer.parseTable, TABLE=products: unknown_0_0_0
2025-01-23 11:23:50 SEVERE - domain is null in SHCreateTableSqlServer.parseTable, TABLE=products: unknown_0_0_0
2025-01-23 11:23:50 SEVERE - domain is null in SHCreateTableSqlServer.parseTable, TABLE=products: unknown_0_0_0
2025-01-23 11:23:50 SEVERE - domain is null in SHCreateTableSqlServer.parseTable, TABLE=products: unknown_0_0_0
2025-01-23 11:23:50 SEVERE - domain is null in SHCreateTableSqlServer.parseTable, TABLE=products: unknown_0_0_0
2025-01-23 11:23:50 SEVERE - domain is null in SHCreateTableSqlServer.parseTable, TABLE=products: unknown_0_0_0
2025-01-23 11:23:50 SEVERE - domain is null in SHCreateTableSqlServer.parseTable, TABLE=products: unknown_0_0_0
2025-01-23 11:23:50 SEVERE - domain is null in SHCreateTableSqlServer.parseTable, TABLE=products: unknown_0_0_0
2025-01-23 11:23:50 SEVERE - domain is null in SHCreateTableSqlServer.parseTable, TABLE=promo: unknown_0_0_0
2025-01-23 11:23:50 SEVERE - domain is null in SHCreateTableSqlServer.parseTable, TABLE=promo: unknown_0_0_0
2025-01-23 11:23:50 SEVERE - domain is null in SHCreateTableSqlServer.parseTable, TABLE=promo: unknown_0_0_0
2025-01-23 11:23:50 SEVERE - domain is null in SHCreateTableSqlServer.parseTable, TABLE=promo: unknown_0_0_0
2025-01-23 11:23:50 SEVERE - domain is null in SHCreateTableSqlServer.parseTable, TABLE=promo: unknown_0_0_0
2025-01-23 11:23:50 SEVERE - domain is null in SHCreateTableSqlServer.parseTable, TABLE=sales: unknown_0_0_0
2025-01-23 11:23:50 SEVERE - domain is null in SHCreateTableSqlServer.parseTable, TABLE=time: unknown_0_0_0
2025-01-23 11:23:50 SEVERE - domain is null in SHCreateTableSqlServer.parseTable, TABLE=time: unknown_0_0_0
2025-01-23 11:23:50 SEVERE - domain is null in SHCreateTableSqlServer.parseTable, TABLE=time: unknown_0_0_0
2025-01-23 11:23:50 SEVERE - domain is null in SHCreateTableSqlServer.parseTable, TABLE=time: unknown_0_0_0
2025-01-23 11:23:50 SEVERE - domain is null in SHCreateTableSqlServer.parseTable, TABLE=time: unknown_0_0_0
2025-01-23 11:23:50 SEVERE - domain is null in SHCreateTableSqlServer.parseTable, TABLE=time: unknown_0_0_0
2025-01-23 11:23:50 SEVERE - domain is null in SHCreateTableSqlServer.parseTable, TABLE=time: unknown_0_0_0
2025-01-23 11:26:50 SEVERE - domain is null in SHCreateTableSqlServer.parseTable, TABLE=channels: unknown_0_0_0
2025-01-23 11:26:50 SEVERE - domain is null in SHCreateTableSqlServer.parseTable, TABLE=channels: unknown_0_0_0
2025-01-23 11:26:50 SEVERE - domain is null in SHCreateTableSqlServer.parseTable, TABLE=costs: unknown_0_0_0
2025-01-23 11:26:50 SEVERE - domain is null in SHCreateTableSqlServer.parseTable, TABLE=costs: unknown_0_0_0
2025-01-23 11:26:50 SEVERE - domain is null in SHCreateTableSqlServer.parseTable, TABLE=countries: unknown_0_0_0
2025-01-23 11:26:50 SEVERE - domain is null in SHCreateTableSqlServer.parseTable, TABLE=countries: unknown_0_0_0
2025-01-23 11:26:50 SEVERE - domain is null in SHCreateTableSqlServer.parseTable, TABLE=countries: unknown_0_0_0
2025-01-23 11:26:50 SEVERE - domain is null in SHCreateTableSqlServer.parseTable, TABLE=countries: unknown_0_0_0
2025-01-23 11:26:50 SEVERE - domain is null in SHCreateTableSqlServer.parseTable, TABLE=countries: unknown_0_0_0
2025-01-23 11:26:50 SEVERE - domain is null in SHCreateTableSqlServer.parseTable, TABLE=countries: unknown_0_0_0
2025-01-23 11:26:50 SEVERE - domain is null in SHCreateTableSqlServer.parseTable, TABLE=customers: unknown_0_0_0
2025-01-23 11:26:50 SEVERE - domain is null in SHCreateTableSqlServer.parseTable, TABLE=customers: unknown_0_0_0
2025-01-23 11:26:50 SEVERE - domain is null in SHCreateTableSqlServer.parseTable, TABLE=customers: unknown_0_0_0
2025-01-23 11:26:50 SEVERE - domain is null in SHCreateTableSqlServer.parseTable, TABLE=customers: unknown_0_0_0
2025-01-23 11:26:50 SEVERE - domain is null in SHCreateTableSqlServer.parseTable, TABLE=customers: unknown_0_0_0
2025-01-23 11:26:50 SEVERE - domain is null in SHCreateTableSqlServer.parseTable, TABLE=customers: unknown_0_0_0
2025-01-23 11:26:50 SEVERE - domain is null in SHCreateTableSqlServer.parseTable, TABLE=customers: unknown_0_0_0
2025-01-23 11:26:50 SEVERE - domain is null in SHCreateTableSqlServer.parseTable, TABLE=customers: unknown_0_0_0
2025-01-23 11:26:50 SEVERE - domain is null in SHCreateTableSqlServer.parseTable, TABLE=customers: unknown_0_0_0
2025-01-23 11:26:50 SEVERE - domain is null in SHCreateTableSqlServer.parseTable, TABLE=customers: unknown_0_0_0
2025-01-23 11:26:50 SEVERE - domain is null in SHCreateTableSqlServer.parseTable, TABLE=customers: unknown_0_0_0
2025-01-23 11:26:50 SEVERE - domain is null in SHCreateTableSqlServer.parseTable, TABLE=customers: unknown_0_0_0
2025-01-23 11:26:50 SEVERE - domain is null in SHCreateTableSqlServer.parseTable, TABLE=demographics: unknown_0_0_0
2025-01-23 11:26:50 SEVERE - domain is null in SHCreateTableSqlServer.parseTable, TABLE=demographics: unknown_0_0_0
2025-01-23 11:26:50 SEVERE - domain is null in SHCreateTableSqlServer.parseTable, TABLE=demographics: unknown_0_0_0
2025-01-23 11:26:50 SEVERE - domain is null in SHCreateTableSqlServer.parseTable, TABLE=products: unknown_0_0_0
2025-01-23 11:26:50 SEVERE - domain is null in SHCreateTableSqlServer.parseTable, TABLE=products: unknown_0_0_0
2025-01-23 11:26:50 SEVERE - domain is null in SHCreateTableSqlServer.parseTable, TABLE=products: unknown_0_0_0
2025-01-23 11:26:50 SEVERE - domain is null in SHCreateTableSqlServer.parseTable, TABLE=products: unknown_0_0_0
2025-01-23 11:26:50 SEVERE - domain is null in SHCreateTableSqlServer.parseTable, TABLE=products: unknown_0_0_0
2025-01-23 11:26:50 SEVERE - domain is null in SHCreateTableSqlServer.parseTable, TABLE=products: unknown_0_0_0
2025-01-23 11:26:50 SEVERE - domain is null in SHCreateTableSqlServer.parseTable, TABLE=products: unknown_0_0_0
2025-01-23 11:26:50 SEVERE - domain is null in SHCreateTableSqlServer.parseTable, TABLE=products: unknown_0_0_0
2025-01-23 11:26:50 SEVERE - domain is null in SHCreateTableSqlServer.parseTable, TABLE=products: unknown_0_0_0
2025-01-23 11:26:50 SEVERE - domain is null in SHCreateTableSqlServer.parseTable, TABLE=products: unknown_0_0_0
2025-01-23 11:26:50 SEVERE - domain is null in SHCreateTableSqlServer.parseTable, TABLE=products: unknown_0_0_0
2025-01-23 11:26:50 SEVERE - domain is null in SHCreateTableSqlServer.parseTable, TABLE=products: unknown_0_0_0
2025-01-23 11:26:50 SEVERE - domain is null in SHCreateTableSqlServer.parseTable, TABLE=products: unknown_0_0_0
2025-01-23 11:26:50 SEVERE - domain is null in SHCreateTableSqlServer.parseTable, TABLE=products: unknown_0_0_0
2025-01-23 11:26:50 SEVERE - domain is null in SHCreateTableSqlServer.parseTable, TABLE=products: unknown_0_0_0
2025-01-23 11:26:50 SEVERE - domain is null in SHCreateTableSqlServer.parseTable, TABLE=promo: unknown_0_0_0
2025-01-23 11:26:50 SEVERE - domain is null in SHCreateTableSqlServer.parseTable, TABLE=promo: unknown_0_0_0
2025-01-23 11:26:50 SEVERE - domain is null in SHCreateTableSqlServer.parseTable, TABLE=promo: unknown_0_0_0
2025-01-23 11:26:50 SEVERE - domain is null in SHCreateTableSqlServer.parseTable, TABLE=promo: unknown_0_0_0
2025-01-23 11:26:50 SEVERE - domain is null in SHCreateTableSqlServer.parseTable, TABLE=promo: unknown_0_0_0
2025-01-23 11:26:50 SEVERE - domain is null in SHCreateTableSqlServer.parseTable, TABLE=sales: unknown_0_0_0
2025-01-23 11:26:50 SEVERE - domain is null in SHCreateTableSqlServer.parseTable, TABLE=time: unknown_0_0_0
2025-01-23 11:26:50 SEVERE - domain is null in SHCreateTableSqlServer.parseTable, TABLE=time: unknown_0_0_0
2025-01-23 11:26:50 SEVERE - domain is null in SHCreateTableSqlServer.parseTable, TABLE=time: unknown_0_0_0
2025-01-23 11:26:50 SEVERE - domain is null in SHCreateTableSqlServer.parseTable, TABLE=time: unknown_0_0_0
2025-01-23 11:26:50 SEVERE - domain is null in SHCreateTableSqlServer.parseTable, TABLE=time: unknown_0_0_0
2025-01-23 11:26:50 SEVERE - domain is null in SHCreateTableSqlServer.parseTable, TABLE=time: unknown_0_0_0
2025-01-23 11:26:50 SEVERE - domain is null in SHCreateTableSqlServer.parseTable, TABLE=time: unknown_0_0_0
2025-01-23 11:43:38 SEVERE - domain is null in SHCreateTableSqlServer.parseTable, TABLE=`products`: unknown_0_0_0
2025-01-23 11:43:38 SEVERE - domain is null in SHCreateTableSqlServer.parseTable, TABLE=`sales`: unknown_0_0_0
2025-01-23 11:43:38 SEVERE - domain is null in SHCreateTableSqlServer.parseTable, TABLE=`customers`: unknown_0_0_0
2025-01-23 11:43:38 SEVERE - domain is null in SHCreateTableSqlServer.parseTable, TABLE=`costs`: unknown_0_0_0
2025-01-23 11:43:38 SEVERE - domain is null in SHCreateTableSqlServer.parseTable, TABLE=`costs`: unknown_0_0_0
2025-01-23 11:43:38 SEVERE - domain is null in SHCreateTableSqlServer.parseTable, TABLE=`costs`: unknown_0_0_0
2025-01-23 11:43:38 SEVERE - domain is null in SHCreateTableSqlServer.parseTable, TABLE=`channels`: unknown_0_0_0
2025-01-23 11:43:38 SEVERE - domain is null in SHCreateTableSqlServer.parseTable, TABLE=`channels`: unknown_0_0_0
2025-01-23 11:45:28 SEVERE - domain is null in SHCreateTableSqlServer.parseTable, TABLE=`products`: unknown_0_0_0
2025-01-23 11:45:28 SEVERE - domain is null in SHCreateTableSqlServer.parseTable, TABLE=`sales`: unknown_0_0_0
2025-01-23 11:45:28 SEVERE - domain is null in SHCreateTableSqlServer.parseTable, TABLE=`customers`: unknown_0_0_0
2025-01-23 11:45:28 SEVERE - domain is null in SHCreateTableSqlServer.parseTable, TABLE=`costs`: unknown_0_0_0
2025-01-23 11:45:28 SEVERE - domain is null in SHCreateTableSqlServer.parseTable, TABLE=`costs`: unknown_0_0_0
2025-01-23 11:45:28 SEVERE - domain is null in SHCreateTableSqlServer.parseTable, TABLE=`costs`: unknown_0_0_0
2025-01-23 11:45:28 SEVERE - domain is null in SHCreateTableSqlServer.parseTable, TABLE=`channels`: unknown_0_0_0
2025-01-23 11:45:28 SEVERE - domain is null in SHCreateTableSqlServer.parseTable, TABLE=`channels`: unknown_0_0_0
2025-01-23 11:45:54 SEVERE - domain is null in SHCreateTableSqlServer.parseTable, TABLE=`products`: unknown_0_0_0
2025-01-23 11:45:54 SEVERE - domain is null in SHCreateTableSqlServer.parseTable, TABLE=`sales`: unknown_0_0_0
2025-01-23 11:45:54 SEVERE - domain is null in SHCreateTableSqlServer.parseTable, TABLE=`customers`: unknown_0_0_0
2025-01-23 11:45:54 SEVERE - domain is null in SHCreateTableSqlServer.parseTable, TABLE=`costs`: unknown_0_0_0
2025-01-23 11:45:54 SEVERE - domain is null in SHCreateTableSqlServer.parseTable, TABLE=`costs`: unknown_0_0_0
2025-01-23 11:45:54 SEVERE - domain is null in SHCreateTableSqlServer.parseTable, TABLE=`costs`: unknown_0_0_0
2025-01-23 11:45:54 SEVERE - domain is null in SHCreateTableSqlServer.parseTable, TABLE=`channels`: unknown_0_0_0
2025-01-23 11:45:54 SEVERE - domain is null in SHCreateTableSqlServer.parseTable, TABLE=`channels`: unknown_0_0_0
2025-01-23 11:46:42 SEVERE - domain is null in SHCreateTableSqlServer.parseTable, TABLE=`products`: unknown_0_0_0
2025-01-23 11:46:42 SEVERE - domain is null in SHCreateTableSqlServer.parseTable, TABLE=`sales`: unknown_0_0_0
2025-01-23 11:46:42 SEVERE - domain is null in SHCreateTableSqlServer.parseTable, TABLE=`customers`: unknown_0_0_0
2025-01-23 11:46:42 SEVERE - domain is null in SHCreateTableSqlServer.parseTable, TABLE=`costs`: unknown_0_0_0
2025-01-23 11:46:42 SEVERE - domain is null in SHCreateTableSqlServer.parseTable, TABLE=`costs`: unknown_0_0_0
2025-01-23 11:46:42 SEVERE - domain is null in SHCreateTableSqlServer.parseTable, TABLE=`costs`: unknown_0_0_0
2025-01-23 11:46:42 SEVERE - domain is null in SHCreateTableSqlServer.parseTable, TABLE=`channels`: unknown_0_0_0
2025-01-23 11:46:42 SEVERE - domain is null in SHCreateTableSqlServer.parseTable, TABLE=`channels`: unknown_0_0_0
2025-01-23 11:48:50 SEVERE - domain is null in SHCreateTableSqlServer.parseTable, TABLE=`sales`: unknown_0_0_0
2025-01-23 11:48:50 SEVERE - domain is null in SHCreateTableSqlServer.parseTable, TABLE=`customers`: unknown_0_0_0
2025-01-23 11:48:50 SEVERE - domain is null in SHCreateTableSqlServer.parseTable, TABLE=`costs`: unknown_0_0_0
2025-01-23 11:48:50 SEVERE - domain is null in SHCreateTableSqlServer.parseTable, TABLE=`costs`: unknown_0_0_0
2025-01-23 11:48:50 SEVERE - domain is null in SHCreateTableSqlServer.parseTable, TABLE=`costs`: unknown_0_0_0
2025-01-23 11:48:50 SEVERE - domain is null in SHCreateTableSqlServer.parseTable, TABLE=`channels`: unknown_0_0_0
2025-01-23 11:48:50 SEVERE - domain is null in SHCreateTableSqlServer.parseTable, TABLE=`channels`: unknown_0_0_0
2025-01-23 11:48:50 SEVERE - domain is null in SHCreateTableSqlServer.parseTable, TABLE=`products`: unknown_0_0_0
2025-01-23 11:50:32 SEVERE - domain is null in SHCreateTableSqlServer.parseTable, TABLE=`costs`: unknown_0_0_0
2025-01-23 11:50:32 SEVERE - domain is null in SHCreateTableSqlServer.parseTable, TABLE=`costs`: unknown_0_0_0
2025-01-23 11:50:32 SEVERE - domain is null in SHCreateTableSqlServer.parseTable, TABLE=`costs`: unknown_0_0_0
2025-01-23 11:50:32 SEVERE - domain is null in SHCreateTableSqlServer.parseTable, TABLE=`channels`: unknown_0_0_0
2025-01-23 11:50:32 SEVERE - domain is null in SHCreateTableSqlServer.parseTable, TABLE=`channels`: unknown_0_0_0
2025-01-23 11:50:32 SEVERE - domain is null in SHCreateTableSqlServer.parseTable, TABLE=`products`: unknown_0_0_0
2025-01-23 11:50:32 SEVERE - domain is null in SHCreateTableSqlServer.parseTable, TABLE=`sales`: unknown_0_0_0
2025-01-23 11:50:32 SEVERE - domain is null in SHCreateTableSqlServer.parseTable, TABLE=`customers`: unknown_0_0_0
2025-01-23 11:56:24 SEVERE - domain is null in SHCreateTableSqlServer.parseTable, TABLE=customers: unknown_0_0_0
2025-01-23 11:56:24 SEVERE - domain is null in SHCreateTableSqlServer.parseTable, TABLE=demographics: unknown_0_0_0
2025-01-23 11:56:24 SEVERE - domain is null in SHCreateTableSqlServer.parseTable, TABLE=time: unknown_0_0_0
2025-01-23 11:56:24 SEVERE - domain is null in SHCreateTableSqlServer.parseTable, TABLE=time: unknown_0_0_0
2025-01-23 11:56:24 SEVERE - domain is null in SHCreateTableSqlServer.parseTable, TABLE=time: unknown_0_0_0
2025-01-23 11:56:24 SEVERE - domain is null in SHCreateTableSqlServer.parseTable, TABLE=time: unknown_0_0_0
2025-01-23 11:56:24 SEVERE - domain is null in SHCreateTableSqlServer.parseTable, TABLE=time: unknown_0_0_0
2025-01-23 11:56:24 SEVERE - domain is null in SHCreateTableSqlServer.parseTable, TABLE=time: unknown_0_0_0
2025-01-23 11:56:24 SEVERE - domain is null in SHCreateTableSqlServer.parseTable, TABLE=time: unknown_0_0_0
2025-01-23 11:56:24 SEVERE - domain is null in SHCreateTableSqlServer.parseTable, TABLE=time: unknown_0_0_0
2025-01-23 11:58:40 SEVERE - domain is null in SHCreateTableSqlServer.parseTable, TABLE=customers: unknown_0_0_0
2025-01-23 11:58:40 SEVERE - domain is null in SHCreateTableSqlServer.parseTable, TABLE=time: unknown_0_0_0
2025-01-23 11:58:40 SEVERE - domain is null in SHCreateTableSqlServer.parseTable, TABLE=time: unknown_0_0_0
2025-01-23 11:58:40 SEVERE - domain is null in SHCreateTableSqlServer.parseTable, TABLE=time: unknown_0_0_0
2025-01-23 11:58:40 SEVERE - domain is null in SHCreateTableSqlServer.parseTable, TABLE=time: unknown_0_0_0
2025-01-23 11:58:40 SEVERE - domain is null in SHCreateTableSqlServer.parseTable, TABLE=time: unknown_0_0_0
2025-01-23 11:58:40 SEVERE - domain is null in SHCreateTableSqlServer.parseTable, TABLE=time: unknown_0_0_0
2025-01-23 12:00:00 SEVERE - domain is null in SHCreateTableSqlServer.parseTable, TABLE=customers: unknown_0_0_0
2025-01-23 12:01:53 SEVERE - domain is null in SHCreateTableSqlServer.parseTable, TABLE=customers: unknown_0_0_0
2025-01-23 12:04:53 SEVERE - domain is null in SHCreateTableSqlServer.parseTable, TABLE=customers: unknown_0_0_0
2025-01-23 12:31:01 SEVERE - domain is null in SHCreateTableSqlServer.parseTable, TABLE=sales: unknown_0_0_0
2025-01-23 12:31:01 SEVERE - domain is null in SHCreateTableSqlServer.parseTable, TABLE=sales: unknown_0_0_0
2025-01-23 12:31:01 SEVERE - domain is null in SHCreateTableSqlServer.parseTable, TABLE=sales: unknown_0_0_0
2025-01-23 12:31:01 SEVERE - domain is null in SHCreateTableSqlServer.parseTable, TABLE=sales: unknown_0_0_0
2025-01-23 12:31:01 SEVERE - domain is null in SHCreateTableSqlServer.parseTable, TABLE=sales: unknown_0_0_0
2025-01-23 12:31:01 SEVERE - domain is null in SHCreateTableSqlServer.parseTable, TABLE=sales: unknown_0_0_0
2025-01-23 12:31:01 SEVERE - domain is null in SHCreateTableSqlServer.parseTable, TABLE=salestemp: unknown_0_0_0
2025-01-23 12:31:01 SEVERE - domain is null in SHCreateTableSqlServer.parseTable, TABLE=salestemp: unknown_0_0_0
2025-01-23 12:31:01 SEVERE - domain is null in SHCreateTableSqlServer.parseTable, TABLE=salestemp: unknown_0_0_0
2025-01-23 12:31:01 SEVERE - domain is null in SHCreateTableSqlServer.parseTable, TABLE=salestemp: unknown_0_0_0
2025-01-23 12:31:01 SEVERE - domain is null in SHCreateTableSqlServer.parseTable, TABLE=salestemp: unknown_0_0_0
2025-01-23 12:31:01 SEVERE - domain is null in SHCreateTableSqlServer.parseTable, TABLE=salestemp: unknown_0_0_0
2025-01-23 12:31:01 SEVERE - domain is null in SHCreateTableSqlServer.parseTable, TABLE=salestemp: unknown_0_0_0
2025-01-23 12:31:01 SEVERE - domain is null in SHCreateTableSqlServer.parseTable, TABLE=salestemp: unknown_0_0_0
2025-01-23 12:31:01 SEVERE - domain is null in SHCreateTableSqlServer.parseTable, TABLE=costs: unknown_0_0_0
2025-01-23 12:31:01 SEVERE - domain is null in SHCreateTableSqlServer.parseTable, TABLE=costs: unknown_0_0_0
2025-01-23 12:31:01 SEVERE - domain is null in SHCreateTableSqlServer.parseTable, TABLE=costs: unknown_0_0_0
2025-01-23 12:31:01 SEVERE - domain is null in SHCreateTableSqlServer.parseTable, TABLE=costs: unknown_0_0_0
2025-01-23 12:31:01 SEVERE - domain is null in SHCreateTableSqlServer.parseTable, TABLE=costs: unknown_0_0_0
2025-01-23 12:31:01 SEVERE - domain is null in SHCreateTableSqlServer.parseTable, TABLE=times: unknown_0_0_0
2025-01-23 12:31:01 SEVERE - domain is null in SHCreateTableSqlServer.parseTable, TABLE=times: unknown_0_0_0
2025-01-23 12:31:01 SEVERE - domain is null in SHCreateTableSqlServer.parseTable, TABLE=times: unknown_0_0_0
2025-01-23 12:31:01 SEVERE - domain is null in SHCreateTableSqlServer.parseTable, TABLE=times: unknown_0_0_0
2025-01-23 12:31:01 SEVERE - domain is null in SHCreateTableSqlServer.parseTable, TABLE=times: unknown_0_0_0
2025-01-23 12:31:01 SEVERE - domain is null in SHCreateTableSqlServer.parseTable, TABLE=times: unknown_0_0_0
2025-01-23 12:31:01 SEVERE - domain is null in SHCreateTableSqlServer.parseTable, TABLE=times: unknown_0_0_0
2025-01-23 12:31:01 SEVERE - domain is null in SHCreateTableSqlServer.parseTable, TABLE=times: unknown_0_0_0
2025-01-23 12:31:01 SEVERE - domain is null in SHCreateTableSqlServer.parseTable, TABLE=times: unknown_0_0_0
2025-01-23 12:31:01 SEVERE - domain is null in SHCreateTableSqlServer.parseTable, TABLE=times: unknown_0_0_0
2025-01-23 12:31:01 SEVERE - domain is null in SHCreateTableSqlServer.parseTable, TABLE=times: unknown_0_0_0
2025-01-23 12:31:01 SEVERE - domain is null in SHCreateTableSqlServer.parseTable, TABLE=times: unknown_0_0_0
2025-01-23 12:31:01 SEVERE - domain is null in SHCreateTableSqlServer.parseTable, TABLE=times: unknown_0_0_0
2025-01-23 12:31:01 SEVERE - domain is null in SHCreateTableSqlServer.parseTable, TABLE=times: unknown_0_0_0
2025-01-23 12:31:01 SEVERE - domain is null in SHCreateTableSqlServer.parseTable, TABLE=times: unknown_0_0_0
2025-01-23 12:31:01 SEVERE - domain is null in SHCreateTableSqlServer.parseTable, TABLE=times: unknown_0_0_0
2025-01-23 12:31:01 SEVERE - domain is null in SHCreateTableSqlServer.parseTable, TABLE=times: unknown_0_0_0
2025-01-23 12:31:01 SEVERE - domain is null in SHCreateTableSqlServer.parseTable, TABLE=times: unknown_0_0_0
2025-01-23 12:31:01 SEVERE - domain is null in SHCreateTableSqlServer.parseTable, TABLE=times: unknown_0_0_0
2025-01-23 12:31:01 SEVERE - domain is null in SHCreateTableSqlServer.parseTable, TABLE=times: unknown_0_0_0
2025-01-23 12:31:01 SEVERE - domain is null in SHCreateTableSqlServer.parseTable, TABLE=times: unknown_0_0_0
2025-01-23 12:31:01 SEVERE - domain is null in SHCreateTableSqlServer.parseTable, TABLE=times: unknown_0_0_0
2025-01-23 12:31:01 SEVERE - domain is null in SHCreateTableSqlServer.parseTable, TABLE=times: unknown_0_0_0
2025-01-23 12:31:01 SEVERE - domain is null in SHCreateTableSqlServer.parseTable, TABLE=times: unknown_0_0_0
2025-01-23 12:31:01 SEVERE - domain is null in SHCreateTableSqlServer.parseTable, TABLE=times: unknown_0_0_0
2025-01-23 12:31:01 SEVERE - domain is null in SHCreateTableSqlServer.parseTable, TABLE=times: unknown_0_0_0
2025-01-23 12:31:01 SEVERE - domain is null in SHCreateTableSqlServer.parseTable, TABLE=times: unknown_0_0_0
2025-01-23 12:31:01 SEVERE - domain is null in SHCreateTableSqlServer.parseTable, TABLE=times: unknown_0_0_0
2025-01-23 12:31:01 SEVERE - domain is null in SHCreateTableSqlServer.parseTable, TABLE=products: unknown_0_0_0
2025-01-23 12:31:01 SEVERE - domain is null in SHCreateTableSqlServer.parseTable, TABLE=products: unknown_0_0_0
2025-01-23 12:31:01 SEVERE - domain is null in SHCreateTableSqlServer.parseTable, TABLE=products: unknown_0_0_0
2025-01-23 12:31:01 SEVERE - domain is null in SHCreateTableSqlServer.parseTable, TABLE=products: unknown_0_0_0
2025-01-23 12:31:01 SEVERE - domain is null in SHCreateTableSqlServer.parseTable, TABLE=products: unknown_0_0_0
2025-01-23 12:31:01 SEVERE - domain is null in SHCreateTableSqlServer.parseTable, TABLE=products: unknown_0_0_0
2025-01-23 12:31:01 SEVERE - domain is null in SHCreateTableSqlServer.parseTable, TABLE=products: unknown_0_0_0
2025-01-23 12:31:01 SEVERE - domain is null in SHCreateTableSqlServer.parseTable, TABLE=products: unknown_0_0_0
2025-01-23 12:31:01 SEVERE - domain is null in SHCreateTableSqlServer.parseTable, TABLE=products: unknown_0_0_0
2025-01-23 12:31:01 SEVERE - domain is null in SHCreateTableSqlServer.parseTable, TABLE=products: unknown_0_0_0
2025-01-23 12:31:01 SEVERE - domain is null in SHCreateTableSqlServer.parseTable, TABLE=products: unknown_0_0_0
2025-01-23 12:31:01 SEVERE - domain is null in SHCreateTableSqlServer.parseTable, TABLE=products: unknown_0_0_0
2025-01-23 12:31:01 SEVERE - domain is null in SHCreateTableSqlServer.parseTable, TABLE=products: unknown_0_0_0
2025-01-23 12:31:01 SEVERE - domain is null in SHCreateTableSqlServer.parseTable, TABLE=products: unknown_0_0_0
2025-01-23 12:31:01 SEVERE - domain is null in SHCreateTableSqlServer.parseTable, TABLE=products: unknown_0_0_0
2025-01-23 12:31:01 SEVERE - domain is null in SHCreateTableSqlServer.parseTable, TABLE=products: unknown_0_0_0
2025-01-23 12:31:01 SEVERE - domain is null in SHCreateTableSqlServer.parseTable, TABLE=products: unknown_0_0_0
2025-01-23 12:31:01 SEVERE - domain is null in SHCreateTableSqlServer.parseTable, TABLE=products: unknown_0_0_0
2025-01-23 12:31:01 SEVERE - domain is null in SHCreateTableSqlServer.parseTable, TABLE=products: unknown_0_0_0
2025-01-23 12:31:01 SEVERE - domain is null in SHCreateTableSqlServer.parseTable, TABLE=products: unknown_0_0_0
2025-01-23 12:31:01 SEVERE - domain is null in SHCreateTableSqlServer.parseTable, TABLE=channels: unknown_0_0_0
2025-01-23 12:31:01 SEVERE - domain is null in SHCreateTableSqlServer.parseTable, TABLE=channels: unknown_0_0_0
2025-01-23 12:31:01 SEVERE - domain is null in SHCreateTableSqlServer.parseTable, TABLE=channels: unknown_0_0_0
2025-01-23 12:31:01 SEVERE - domain is null in SHCreateTableSqlServer.parseTable, TABLE=channels: unknown_0_0_0
2025-01-23 12:31:01 SEVERE - domain is null in SHCreateTableSqlServer.parseTable, TABLE=channels: unknown_0_0_0
2025-01-23 12:31:01 SEVERE - domain is null in SHCreateTableSqlServer.parseTable, TABLE=channels: unknown_0_0_0
2025-01-23 12:31:01 SEVERE - domain is null in SHCreateTableSqlServer.parseTable, TABLE=promotions: unknown_0_0_0
2025-01-23 12:31:01 SEVERE - domain is null in SHCreateTableSqlServer.parseTable, TABLE=promotions: unknown_0_0_0
2025-01-23 12:31:01 SEVERE - domain is null in SHCreateTableSqlServer.parseTable, TABLE=promotions: unknown_0_0_0
2025-01-23 12:31:01 SEVERE - domain is null in SHCreateTableSqlServer.parseTable, TABLE=promotions: unknown_0_0_0
2025-01-23 12:31:01 SEVERE - domain is null in SHCreateTableSqlServer.parseTable, TABLE=promotions: unknown_0_0_0
2025-01-23 12:31:01 SEVERE - domain is null in SHCreateTableSqlServer.parseTable, TABLE=promotions: unknown_0_0_0
2025-01-23 12:31:01 SEVERE - domain is null in SHCreateTableSqlServer.parseTable, TABLE=promotions: unknown_0_0_0
2025-01-23 12:31:01 SEVERE - domain is null in SHCreateTableSqlServer.parseTable, TABLE=promotions: unknown_0_0_0
2025-01-23 12:31:01 SEVERE - domain is null in SHCreateTableSqlServer.parseTable, TABLE=promotions: unknown_0_0_0
2025-01-23 12:31:01 SEVERE - domain is null in SHCreateTableSqlServer.parseTable, TABLE=customers: unknown_0_0_0
2025-01-23 12:31:01 SEVERE - domain is null in SHCreateTableSqlServer.parseTable, TABLE=customers: unknown_0_0_0
2025-01-23 12:31:01 SEVERE - domain is null in SHCreateTableSqlServer.parseTable, TABLE=customers: unknown_0_0_0
2025-01-23 12:31:01 SEVERE - domain is null in SHCreateTableSqlServer.parseTable, TABLE=customers: unknown_0_0_0
2025-01-23 12:31:01 SEVERE - domain is null in SHCreateTableSqlServer.parseTable, TABLE=customers: unknown_0_0_0
2025-01-23 12:31:01 SEVERE - domain is null in SHCreateTableSqlServer.parseTable, TABLE=customers: unknown_0_0_0
2025-01-23 12:31:01 SEVERE - domain is null in SHCreateTableSqlServer.parseTable, TABLE=customers: unknown_0_0_0
2025-01-23 12:31:01 SEVERE - domain is null in SHCreateTableSqlServer.parseTable, TABLE=customers: unknown_0_0_0
2025-01-23 12:31:01 SEVERE - domain is null in SHCreateTableSqlServer.parseTable, TABLE=customers: unknown_0_0_0
2025-01-23 12:31:01 SEVERE - domain is null in SHCreateTableSqlServer.parseTable, TABLE=customers: unknown_0_0_0
2025-01-23 12:31:01 SEVERE - domain is null in SHCreateTableSqlServer.parseTable, TABLE=customers: unknown_0_0_0
2025-01-23 12:31:01 SEVERE - domain is null in SHCreateTableSqlServer.parseTable, TABLE=customers: unknown_0_0_0
2025-01-23 12:31:01 SEVERE - domain is null in SHCreateTableSqlServer.parseTable, TABLE=customers: unknown_0_0_0
2025-01-23 12:31:01 SEVERE - domain is null in SHCreateTableSqlServer.parseTable, TABLE=customers: unknown_0_0_0
2025-01-23 12:31:01 SEVERE - domain is null in SHCreateTableSqlServer.parseTable, TABLE=customers: unknown_0_0_0
2025-01-23 12:31:01 SEVERE - domain is null in SHCreateTableSqlServer.parseTable, TABLE=customers: unknown_0_0_0
2025-01-23 12:31:01 SEVERE - domain is null in SHCreateTableSqlServer.parseTable, TABLE=customers: unknown_0_0_0
2025-01-23 12:31:01 SEVERE - domain is null in SHCreateTableSqlServer.parseTable, TABLE=customers: unknown_0_0_0
2025-01-23 12:31:01 SEVERE - domain is null in SHCreateTableSqlServer.parseTable, TABLE=customers: unknown_0_0_0
2025-01-23 12:31:01 SEVERE - domain is null in SHCreateTableSqlServer.parseTable, TABLE=customers: unknown_0_0_0
2025-01-23 12:31:01 SEVERE - domain is null in SHCreateTableSqlServer.parseTable, TABLE=countries: unknown_0_0_0
2025-01-23 12:31:01 SEVERE - domain is null in SHCreateTableSqlServer.parseTable, TABLE=countries: unknown_0_0_0
2025-01-23 12:31:01 SEVERE - domain is null in SHCreateTableSqlServer.parseTable, TABLE=countries: unknown_0_0_0
2025-01-23 12:31:01 SEVERE - domain is null in SHCreateTableSqlServer.parseTable, TABLE=countries: unknown_0_0_0
2025-01-23 12:31:01 SEVERE - domain is null in SHCreateTableSqlServer.parseTable, TABLE=countries: unknown_0_0_0
2025-01-23 12:31:01 SEVERE - domain is null in SHCreateTableSqlServer.parseTable, TABLE=countries: unknown_0_0_0
2025-01-23 12:31:01 SEVERE - domain is null in SHCreateTableSqlServer.parseTable, TABLE=countries: unknown_0_0_0
2025-01-23 12:31:01 SEVERE - domain is null in SHCreateTableSqlServer.parseTable, TABLE=countries: unknown_0_0_0
2025-01-23 12:31:01 SEVERE - domain is null in SHCreateTableSqlServer.parseTable, TABLE=countries: unknown_0_0_0
2025-01-23 12:31:01 SEVERE - domain is null in SHCreateTableSqlServer.parseTable, TABLE=supplementary_demographics: unknown_0_0_0
2025-01-23 12:31:01 SEVERE - domain is null in SHCreateTableSqlServer.parseTable, TABLE=supplementary_demographics: unknown_0_0_0
2025-01-23 12:31:01 SEVERE - domain is null in SHCreateTableSqlServer.parseTable, TABLE=supplementary_demographics: unknown_0_0_0
2025-01-23 12:31:01 SEVERE - domain is null in SHCreateTableSqlServer.parseTable, TABLE=supplementary_demographics: unknown_0_0_0
2025-01-23 12:31:01 SEVERE - domain is null in SHCreateTableSqlServer.parseTable, TABLE=supplementary_demographics: unknown_0_0_0
2025-01-23 12:31:01 SEVERE - domain is null in SHCreateTableSqlServer.parseTable, TABLE=supplementary_demographics: unknown_0_0_0
2025-01-23 12:31:01 SEVERE - domain is null in SHCreateTableSqlServer.parseTable, TABLE=supplementary_demographics: unknown_0_0_0
2025-01-23 12:31:01 SEVERE - domain is null in SHCreateTableSqlServer.parseTable, TABLE=supplementary_demographics: unknown_0_0_0
2025-01-23 12:31:01 SEVERE - domain is null in SHCreateTableSqlServer.parseTable, TABLE=supplementary_demographics: unknown_0_0_0
2025-01-23 12:31:01 SEVERE - domain is null in SHCreateTableSqlServer.parseTable, TABLE=supplementary_demographics: unknown_0_0_0
2025-01-23 12:31:01 SEVERE - domain is null in SHCreateTableSqlServer.parseTable, TABLE=supplementary_demographics: unknown_0_0_0
2025-01-23 12:31:01 SEVERE - domain is null in SHCreateTableSqlServer.parseTable, TABLE=supplementary_demographics: unknown_0_0_0
2025-01-23 12:31:01 SEVERE - domain is null in SHCreateTableSqlServer.parseTable, TABLE=supplementary_demographics: unknown_0_0_0
2025-01-23 12:31:01 SEVERE - domain is null in SHCreateTableSqlServer.parseTable, TABLE=supplementary_demographics: unknown_0_0_0
2025-01-23 12:31:01 SEVERE - 
oracle.dbtools.crest.imports.ddl.ObjectDoesNotExistException: the object Column does not exist
	at oracle.dbtools.crest.imports.ddl.sqlserver.SHAlterTableSqlServer.setColumnForIndex(SHAlterTableSqlServer.java:514)
	at oracle.dbtools.crest.imports.ddl.sqlserver.SHAlterTableSqlServer.parsePK(SHAlterTableSqlServer.java:304)
	at oracle.dbtools.crest.imports.ddl.sqlserver.SHAlterTableSqlServer.handle(SHAlterTableSqlServer.java:91)
	at oracle.dbtools.crest.imports.ddl.sqlserver.DDLStatementHandlerSqlServer.nextHandler(DDLStatementHandlerSqlServer.java:63)
	at oracle.dbtools.crest.imports.ddl.sqlserver.SHCreateTableSqlServer.handle(SHCreateTableSqlServer.java:113)
	at oracle.dbtools.crest.imports.ddl.sqlserver.DDLStatementHandlerSqlServer.nextHandler(DDLStatementHandlerSqlServer.java:63)
	at oracle.dbtools.crest.imports.ddl.sqlserver.SHCreateRuleSqlServer.handle(SHCreateRuleSqlServer.java:54)
	at oracle.dbtools.crest.imports.ddl.sqlserver.DDLStatementHandlerSqlServer.nextHandler(DDLStatementHandlerSqlServer.java:63)
	at oracle.dbtools.crest.imports.ddl.sqlserver.SHGrantPrivilegesSqlServer.handle(SHGrantPrivilegesSqlServer.java:47)
	at oracle.dbtools.crest.imports.ddl.sqlserver.DDLStatementHandlerSqlServer.nextHandler(DDLStatementHandlerSqlServer.java:63)
	at oracle.dbtools.crest.imports.ddl.sqlserver.SHCreateRoleSqlServer.handle(SHCreateRoleSqlServer.java:63)
	at oracle.dbtools.crest.imports.ddl.sqlserver.DDLStatementHandlerSqlServer.nextHandler(DDLStatementHandlerSqlServer.java:63)
	at oracle.dbtools.crest.imports.ddl.sqlserver.SHCreateLoginSqlServer.handle(SHCreateLoginSqlServer.java:84)
	at oracle.dbtools.crest.imports.ddl.sqlserver.DDLStatementHandlerSqlServer.nextHandler(DDLStatementHandlerSqlServer.java:63)
	at oracle.dbtools.crest.imports.ddl.sqlserver.SHAlterDatabaseSqlServer.handle(SHAlterDatabaseSqlServer.java:44)
	at oracle.dbtools.crest.imports.ddl.sqlserver.DDLStatementHandlerSqlServer.nextHandler(DDLStatementHandlerSqlServer.java:63)
	at oracle.dbtools.crest.imports.ddl.sqlserver.SHCreateDatabaseSqlServer.handle(SHCreateDatabaseSqlServer.java:44)
	at oracle.dbtools.crest.imports.ddl.sqlserver.DDLStatementHandlerSqlServer.nextHandler(DDLStatementHandlerSqlServer.java:63)
	at oracle.dbtools.crest.imports.ddl.sqlserver.DDLStatementHandlerSqlServer.handle(DDLStatementHandlerSqlServer.java:49)
	at oracle.dbtools.crest.imports.ddl.DDLHandler.parseFile(DDLHandler.java:756)
	at oracle.dbtools.crest.imports.ddl.DDLHandler$Runner.run(DDLHandler.java:452)
	at java.base/java.lang.Thread.run(Unknown Source)
2025-01-24 10:22:54 INFO - Oracle SQL Developer Data Modeler 24.3.1.351.0831
2025-01-24 10:30:46 SEVERE - 
oracle.dbtools.crest.imports.ddl.ObjectDoesNotExistException: the object Column does not exist
	at oracle.dbtools.crest.imports.ddl.sqlserver.SHAlterTableSqlServer.setColumnForIndex(SHAlterTableSqlServer.java:514)
	at oracle.dbtools.crest.imports.ddl.sqlserver.SHAlterTableSqlServer.parsePK(SHAlterTableSqlServer.java:304)
	at oracle.dbtools.crest.imports.ddl.sqlserver.SHAlterTableSqlServer.handle(SHAlterTableSqlServer.java:91)
	at oracle.dbtools.crest.imports.ddl.sqlserver.DDLStatementHandlerSqlServer.nextHandler(DDLStatementHandlerSqlServer.java:63)
	at oracle.dbtools.crest.imports.ddl.sqlserver.SHCreateTableSqlServer.handle(SHCreateTableSqlServer.java:113)
	at oracle.dbtools.crest.imports.ddl.sqlserver.DDLStatementHandlerSqlServer.nextHandler(DDLStatementHandlerSqlServer.java:63)
	at oracle.dbtools.crest.imports.ddl.sqlserver.SHCreateRuleSqlServer.handle(SHCreateRuleSqlServer.java:54)
	at oracle.dbtools.crest.imports.ddl.sqlserver.DDLStatementHandlerSqlServer.nextHandler(DDLStatementHandlerSqlServer.java:63)
	at oracle.dbtools.crest.imports.ddl.sqlserver.SHGrantPrivilegesSqlServer.handle(SHGrantPrivilegesSqlServer.java:47)
	at oracle.dbtools.crest.imports.ddl.sqlserver.DDLStatementHandlerSqlServer.nextHandler(DDLStatementHandlerSqlServer.java:63)
	at oracle.dbtools.crest.imports.ddl.sqlserver.SHCreateRoleSqlServer.handle(SHCreateRoleSqlServer.java:63)
	at oracle.dbtools.crest.imports.ddl.sqlserver.DDLStatementHandlerSqlServer.nextHandler(DDLStatementHandlerSqlServer.java:63)
	at oracle.dbtools.crest.imports.ddl.sqlserver.SHCreateLoginSqlServer.handle(SHCreateLoginSqlServer.java:84)
	at oracle.dbtools.crest.imports.ddl.sqlserver.DDLStatementHandlerSqlServer.nextHandler(DDLStatementHandlerSqlServer.java:63)
	at oracle.dbtools.crest.imports.ddl.sqlserver.SHAlterDatabaseSqlServer.handle(SHAlterDatabaseSqlServer.java:44)
	at oracle.dbtools.crest.imports.ddl.sqlserver.DDLStatementHandlerSqlServer.nextHandler(DDLStatementHandlerSqlServer.java:63)
	at oracle.dbtools.crest.imports.ddl.sqlserver.SHCreateDatabaseSqlServer.handle(SHCreateDatabaseSqlServer.java:44)
	at oracle.dbtools.crest.imports.ddl.sqlserver.DDLStatementHandlerSqlServer.nextHandler(DDLStatementHandlerSqlServer.java:63)
	at oracle.dbtools.crest.imports.ddl.sqlserver.DDLStatementHandlerSqlServer.handle(DDLStatementHandlerSqlServer.java:49)
	at oracle.dbtools.crest.imports.ddl.DDLHandler.parseFile(DDLHandler.java:756)
	at oracle.dbtools.crest.imports.ddl.DDLHandler$Runner.run(DDLHandler.java:452)
	at java.base/java.lang.Thread.run(Unknown Source)
